<?xml version="1.0" encoding="UTF-8"?>
<testsuite name="org.bnp.global.GetSlaveTest" tests="12" skipped="0" failures="0" errors="0" timestamp="2019-07-15T07:16:45" hostname="PARW00202654" time="0.484">
  <properties/>
  <testcase name="getSlaveProdWhenDeliverApiActionWhenQualifAndDevEnv" classname="org.bnp.global.GetSlaveTest" time="0.475"/>
  <testcase name="getSlaveTabWhenDeliverLocalActionWhenProdENV" classname="org.bnp.global.GetSlaveTest" time="0.0"/>
  <testcase name="getSlaveProdWhenDeliverOozieActionWhenQualifAndDevEnv" classname="org.bnp.global.GetSlaveTest" time="0.0"/>
  <testcase name="getSlaveProdWhenPackageActionWhenProdENV" classname="org.bnp.global.GetSlaveTest" time="0.0"/>
  <testcase name="getSlaveProdWhenDeliverLocalActionWhenProdENV" classname="org.bnp.global.GetSlaveTest" time="0.0"/>
  <testcase name="getSlaveTabWhenPackageActionWhenProdENV" classname="org.bnp.global.GetSlaveTest" time="0.001"/>
  <testcase name="getSlaveTabWhenDeliverOozieActionWhenProdENV" classname="org.bnp.global.GetSlaveTest" time="0.0"/>
  <testcase name="getSlaveTabWhenDeliverApiActionWhenProdENV" classname="org.bnp.global.GetSlaveTest" time="0.0"/>
  <testcase name="getSlaveProdWhenPackageActionWhenQualifAndDevEnv" classname="org.bnp.global.GetSlaveTest" time="0.001"/>
  <testcase name="getSlaveProdWhenDeliverLocalActionWhenQualifAndDevEnv" classname="org.bnp.global.GetSlaveTest" time="0.002"/>
  <testcase name="getSlaveProdWhenDeliverOozieActionWhenProdENV" classname="org.bnp.global.GetSlaveTest" time="0.001"/>
  <testcase name="getSlaveProdWhenDeliverApiActionWhenProdENV" classname="org.bnp.global.GetSlaveTest" time="0.0"/>
  <system-out><![CDATA[------------------------------
------------------------------
------------------------------
------------------------------
------------------------------
------------------------------
------------------------------
------------------------------
------------------------------
------------------------------
node is :  se
------------------------------
------------------------------
]]></system-out>
  <system-err><![CDATA[]]></system-err>
</testsuite>
